Attempts: 1 - Request URL: wphelphub.com/Administration_Screens
Attempts: 2 - Request URL: wphelphub.com/Glossary
Attempts: 3 - Request URL: wphelphub.com/Using_Themes
Attempts: 4 - Request URL: wphelphub.com/Template_Tags
Attempts: 5 - Request URL: wphelphub.com/Writing_Posts
Attempts: 6 - Request URL: wphelphub.com/Page_Templates
Attempts: 7 - Request URL: wphelphub.com/Using_Permalinks
Attempts: 8 - Request URL: wphelphub.com/Theme_Development
Attempts: 9 - Request URL: wphelphub.com/Pages_Add_New_Screen
Attempts: 10 - Request URL: wphelphub.com/wp-cli
Attempts: 11 - Request URL: wphelphub.com/Version_3.7
Attempts: 12 - Request URL: wphelphub.com/Version_2.6
Attempts: 13 - Request URL: wphelphub.com/Version_2.7
Attempts: 14 - Request URL: wphelphub.com/FTP_Clients
Attempts: 15 - Request URL: wphelphub.com/Using_FileZilla
Attempts: 16 - Request URL: wphelphub.com/WordPress_Backups
Attempts: 17 - Request URL: wphelphub.com/WordPress_Versions
Attempts: 18 - Request URL: wphelphub.com/Upgrade_1.2_to_1.5
Attempts: 19 - Request URL: wphelphub.com/FAQ_Troubleshooting
Attempts: 20 - Request URL: wphelphub.com/Installing_WordPress
Attempts: 21 - Request URL: wphelphub.com/Database_Description
Attempts: 22 - Request URL: wphelphub.com/Administration_Panels
Attempts: 23 - Request URL: wphelphub.com/Backing_Up_Your_Database
Attempts: 24 - Request URL: wphelphub.com/Changing_File_Permissions
Attempts: 25 - Request URL: wphelphub.com/Themes/Theme_Compatibility
Attempts: 26 - Request URL: wphelphub.com/Template_Tags/wp_list_pages
Attempts: 27 - Request URL: wphelphub.com/Upgrading_WordPress_Extended
Attempts: 28 - Request URL: wphelphub.com/Plugins/Plugin_Compatibility
Attempts: 29 - Request URL: wphelphub.com/Settings_Permalinks_SubPanel
Attempts: 30 - Request URL: wphelphub.com/author/alt3red/_Reactivate_Plugins
Attempts: 31 - Request URL: wphelphub.com/CSS
Attempts: 32 - Request URL: wphelphub.com/Pages
Attempts: 33 - Request URL: wphelphub.com/Designing_Headings
Attempts: 34 - Request URL: wphelphub.com/Good_Navigation_Links
Attempts: 35 - Request URL: wphelphub.com/Template_Tags/bloginfo
Attempts: 36 - Request URL: wphelphub.com/Styling_Lists_with_CSS
Attempts: 37 - Request URL: wphelphub.com/Template_Tags/list_cats
Attempts: 38 - Request URL: wphelphub.com/Dynamic_Menu_Highlighting
Attempts: 39 - Request URL: wphelphub.com/Creating_Horizontal_Menus
Attempts: 40 - Request URL: wphelphub.com/Settings_General_SubPanel
Attempts: 41 - Request URL: wphelphub.com/Template_Tags/wp_list_cats
Attempts: 42 - Request URL: wphelphub.com/Template_Tags/wp_list_categories
Attempts: 43 - Request URL: wphelphub.com/I_Make_Changes_and_Nothing_Happens
Attempts: 44 - Request URL: wphelphub.com/FAQ
Attempts: 45 - Request URL: wphelphub.com/The_Loop
Attempts: 46 - Request URL: wphelphub.com/Press_It
Attempts: 47 - Request URL: wphelphub.com/Main_Page
Attempts: 48 - Request URL: wphelphub.com/Plugin_API
Attempts: 49 - Request URL: wphelphub.com/Comment_Spam
Attempts: 50 - Request URL: wphelphub.com/Child_Themes
Attempts: 51 - Request URL: wphelphub.com/Twenty_Sixteen
Attempts: 52 - Request URL: wphelphub.com/Managing_Plugins
Attempts: 53 - Request URL: wphelphub.com/Plugin_Resources
Attempts: 54 - Request URL: wphelphub.com/Writing_a_Plugin
Attempts: 55 - Request URL: wphelphub.com/Getting_More_Help
Attempts: 56 - Request URL: wphelphub.com/WordPress_Widgets
Attempts: 57 - Request URL: wphelphub.com/Posts_Tags_Screen
Attempts: 58 - Request URL: wphelphub.com/Comment_Moderation
Attempts: 59 - Request URL: wphelphub.com/WordPress_Features
Attempts: 60 - Request URL: wphelphub.com/CSS_Troubleshooting
Attempts: 61 - Request URL: wphelphub.com/WordPress_Semantics
Attempts: 62 - Request URL: wphelphub.com/Working_with_WordPress
Attempts: 63 - Request URL: wphelphub.com/Blog_Design_and_Layout
Attempts: 64 - Request URL: wphelphub.com/Combating_Comment_Spam
Attempts: 65 - Request URL: wphelphub.com/CSS_Fixing_Browser_Bugs
Attempts: 66 - Request URL: wphelphub.com/Administering_Your_Blog
Attempts: 67 - Request URL: wphelphub.com/Posts_Categories_Screen
Attempts: 68 - Request URL: wphelphub.com/Stepping_Into_Templates
Attempts: 69 - Request URL: wphelphub.com/Using_the_Support_Forums
Attempts: 70 - Request URL: wphelphub.com/Registered_User_Features
Attempts: 71 - Request URL: wphelphub.com/WordPress_Menu_User_Guide
Attempts: 72 - Request URL: wphelphub.com/Settings_Discussion_Screen
Attempts: 73 - Request URL: wphelphub.com/Stepping_Into_Template_Tags
Attempts: 74 - Request URL: wphelphub.com/Template_Tags/wp_get_archives
Attempts: 75 - Request URL: wphelphub.com/author/alt3red/_Verify_the_backups
Attempts: 76 - Request URL: wphelphub.com/Restoring_Your_Database_From_Backup
Attempts: 77 - Request URL: wphelphub.com/author/alt3red/_Upload_the_new_files
Attempts: 78 - Request URL: wphelphub.com/Uploading_WordPress_to_a_remote_host
Attempts: 79 - Request URL: wphelphub.com/author/alt3red/_Back_up_your_database
Attempts: 80 - Request URL: wphelphub.com/author/alt3red/_Replace_WordPress_files
Attempts: 81 - Request URL: wphelphub.com/author/alt3red/_Remove_.maintenance_file
Attempts: 82 - Request URL: wphelphub.com/Configuring_Automatic_Background_Updates
Attempts: 83 - Request URL: wphelphub.com/author/alt3red/_Update_your_installation
Attempts: 84 - Request URL: wphelphub.com/author/alt3red/_Deactivate_ALL_your_Plugins
Attempts: 85 - Request URL: wphelphub.com/Installing/Updating_WordPress_with_Subversion
Attempts: 86 - Request URL: wphelphub.com/author/alt3red/_Do_something_nice_for_yourself
Attempts: 87 - Request URL: wphelphub.com/author/alt3red/_Delete_the_old_WordPress_files
Attempts: 88 - Request URL: wphelphub.com/author/alt3red/_Update_Permalinks_and_.htaccess
Attempts: 89 - Request URL: wphelphub.com/author/alt3red/_Back_up_ALL_your_WordPress_files
Attempts: 90 - Request URL: wphelphub.com/author/alt3red/_Run_the_WordPress_upgrade_program
Attempts: 91 - Request URL: wphelphub.com/author/alt3red/_Install_updated_Plugins_and_Themes
Attempts: 92 - Request URL: wphelphub.com/author/alt3red/_Review_what_has_changed_in_WordPress
Attempts: 93 - Request URL: wphelphub.com/author/alt3red/_Ensure_first_four_steps_are_completed
