Attempts: 1 - Request URL: wphelphub.com/Version_2.7
Attempts: 2 - Request URL: wphelphub.com/Version_2.6
Attempts: 3 - Request URL: wphelphub.com/Version_4.2
Attempts: 4 - Request URL: wphelphub.com/FTP_Clients
Attempts: 5 - Request URL: wphelphub.com/Version_3.7
Attempts: 6 - Request URL: wphelphub.com/Using_FileZilla
Attempts: 7 - Request URL: wphelphub.com/Using_Permalinks
Attempts: 8 - Request URL: wphelphub.com/WordPress_Backups
Attempts: 9 - Request URL: wphelphub.com/Upgrade_1.2_to_1.5
Attempts: 10 - Request URL: wphelphub.com/FAQ_Troubleshooting
Attempts: 11 - Request URL: wphelphub.com/Database_Description
Attempts: 12 - Request URL: wphelphub.com/Administration_Panels
Attempts: 13 - Request URL: wphelphub.com/Backing_Up_Your_Database
Attempts: 14 - Request URL: wphelphub.com/Changing_File_Permissions
Attempts: 15 - Request URL: wphelphub.com/Settings_Permalinks_SubPanel
Attempts: 16 - Request URL: wphelphub.com/Restoring_Your_Database_From_Backup
Attempts: 17 - Request URL: wphelphub.com/Uploading_WordPress_to_a_remote_host
Attempts: 18 - Request URL: wphelphub.com/Configuring_Automatic_Background_Updates
Attempts: 19 - Request URL: wphelphub.com/Themes/Theme_Compatibility
Attempts: 20 - Request URL: wphelphub.com/Plugins/Plugin_Compatibility
Attempts: 21 - Request URL: wphelphub.com/Installing/Updating_WordPress_with_Subversion
Attempts: 22 - Request URL: wphelphub.com/author/alt3red/_Reactivate_Plugins
Attempts: 23 - Request URL: wphelphub.com/author/alt3red/_Verify_the_backups
Attempts: 24 - Request URL: wphelphub.com/author/alt3red/_Upload_the_new_files
Attempts: 25 - Request URL: wphelphub.com/author/alt3red/_Back_up_your_database
Attempts: 26 - Request URL: wphelphub.com/author/alt3red/_Replace_WordPress_files
Attempts: 27 - Request URL: wphelphub.com/author/alt3red/_Update_your_installation
Attempts: 28 - Request URL: wphelphub.com/author/alt3red/_Remove_.maintenance_file
Attempts: 29 - Request URL: wphelphub.com/author/alt3red/_Deactivate_ALL_your_Plugins
Attempts: 30 - Request URL: wphelphub.com/author/alt3red/_Delete_the_old_WordPress_files
Attempts: 31 - Request URL: wphelphub.com/author/alt3red/_Do_something_nice_for_yourself
Attempts: 32 - Request URL: wphelphub.com/author/alt3red/_Update_Permalinks_and_.htaccess
Attempts: 33 - Request URL: wphelphub.com/author/alt3red/_Back_up_ALL_your_WordPress_files
Attempts: 34 - Request URL: wphelphub.com/author/alt3red/_Run_the_WordPress_upgrade_program
Attempts: 35 - Request URL: wphelphub.com/author/alt3red/_Install_updated_Plugins_and_Themes
Attempts: 36 - Request URL: wphelphub.com/author/alt3red/_Review_what_has_changed_in_WordPress
Attempts: 37 - Request URL: wphelphub.com/author/alt3red/_Ensure_first_four_steps_are_completed
Attempts: 38 - Request URL: wphelphub.com/author/alt3red/_Download_and_extract_the_WordPress_package
Attempts: 39 - Request URL: wphelphub.com/author/alt3red/_Add_security_key_definitions_to_the_wp-config.php_file
Attempts: 40 - Request URL: wphelphub.com/author/alt3red/feed/_Verify_the_backups
Attempts: 41 - Request URL: wphelphub.com/author/alt3red/feed/_Upload_the_new_files
Attempts: 42 - Request URL: wphelphub.com/author/alt3red/feed/_Replace_WordPress_files
Attempts: 43 - Request URL: wphelphub.com/author/alt3red/feed/_Install_updated_Plugins_and_Themes
